<?xml version="1.0" encoding="UTF-8" ?>
<testsuites disabled="0" errors="0" failures="4" tests="3" time="130.546">
 <testsuite name="Assignment" timestamp="2020-12-06T16:34:58" hostname="localhost" time="130.546" errors="0" tests="3" skipped="0" disabled="0" failures="4">
  <testcase classname="Assignment" name="Homepage Loaded_" time="10.479" />
  <testcase classname="Assignment" name="Search item-" time="60.029">
   <failure type="exception" message="Error: Timeout - Async callback was not invoked within timeout specified by jasmine.DEFAULT_TIMEOUT_INTERVAL."><![CDATA[Error: Timeout - Async callback was not invoked within timeout specified by jasmine.DEFAULT_TIMEOUT_INTERVAL.
    at Timeout._onTimeout (C:\Users\chaitanyakrishna-adm\AppData\Roaming\npm\node_modules\protractor\node_modules\jasmine-core\lib\jasmine-core\jasmine.js:4281:23)
    at listOnTimeout (internal/timers.js:531:17)
    at processTimers (internal/timers.js:475:7)]]>
   </failure>
   <failure type="exception" message="TimeoutError: timeout: Timed out receiving message from renderer: 10.000
  (Session info: chrome=87.0.4280.88)
  (Driver info: chromedriver=87.0.4280.20 (c99e81631faa0b2a448e658c0dbd8311fb04ddbd-refs/branch-heads/4280@{#355}),platform=Windows NT 10.0.18363 x86_64)"><![CDATA[TimeoutError: timeout: Timed out receiving message from renderer: 10.000
  (Session info: chrome=87.0.4280.88)
  (Driver info: chromedriver=87.0.4280.20 (c99e81631faa0b2a448e658c0dbd8311fb04ddbd-refs/branch-heads/4280@{#355}),platform=Windows NT 10.0.18363 x86_64)
    at Object.checkLegacyResponse (C:\Users\chaitanyakrishna-adm\AppData\Roaming\npm\node_modules\protractor\node_modules\selenium-webdriver\lib\error.js:546:15)
    at parseHttpResponse (C:\Users\chaitanyakrishna-adm\AppData\Roaming\npm\node_modules\protractor\node_modules\selenium-webdriver\lib\http.js:509:13)
    at C:\Users\chaitanyakrishna-adm\AppData\Roaming\npm\node_modules\protractor\node_modules\selenium-webdriver\lib\http.js:441:30
    at processTicksAndRejections (internal/process/task_queues.js:94:5)
From: Task: WebDriver.takeScreenshot()
    at Driver.schedule (C:\Users\chaitanyakrishna-adm\AppData\Roaming\npm\node_modules\protractor\node_modules\selenium-webdriver\lib\webdriver.js:807:17)
    at Driver.takeScreenshot (C:\Users\chaitanyakrishna-adm\AppData\Roaming\npm\node_modules\protractor\node_modules\selenium-webdriver\lib\webdriver.js:1085:17)
    at run (C:\Users\chaitanyakrishna-adm\AppData\Roaming\npm\node_modules\protractor\built\browser.js:58:33)
    at ProtractorBrowser.to.<computed> [as takeScreenshot] (C:\Users\chaitanyakrishna-adm\AppData\Roaming\npm\node_modules\protractor\built\browser.js:66:16)
    at C:\test123\personal-automation\framework\e2e\protractor.conf.js:93:19
    at ManagedPromise.invokeCallback_ (C:\Users\chaitanyakrishna-adm\AppData\Roaming\npm\node_modules\protractor\node_modules\selenium-webdriver\lib\promise.js:1376:14)
    at TaskQueue.execute_ (C:\Users\chaitanyakrishna-adm\AppData\Roaming\npm\node_modules\protractor\node_modules\selenium-webdriver\lib\promise.js:3084:14)
    at TaskQueue.executeNext_ (C:\Users\chaitanyakrishna-adm\AppData\Roaming\npm\node_modules\protractor\node_modules\selenium-webdriver\lib\promise.js:3067:27)
    at C:\Users\chaitanyakrishna-adm\AppData\Roaming\npm\node_modules\protractor\node_modules\selenium-webdriver\lib\promise.js:2927:27
    at C:\Users\chaitanyakrishna-adm\AppData\Roaming\npm\node_modules\protractor\node_modules\selenium-webdriver\lib\promise.js:668:7]]>
   </failure>
  </testcase>
  <testcase classname="Assignment" name="Screenshot-" time="60.036">
   <failure type="exception" message="Error: Timeout - Async callback was not invoked within timeout specified by jasmine.DEFAULT_TIMEOUT_INTERVAL."><![CDATA[Error: Timeout - Async callback was not invoked within timeout specified by jasmine.DEFAULT_TIMEOUT_INTERVAL.
    at Timeout._onTimeout (C:\Users\chaitanyakrishna-adm\AppData\Roaming\npm\node_modules\protractor\node_modules\jasmine-core\lib\jasmine-core\jasmine.js:4281:23)
    at listOnTimeout (internal/timers.js:531:17)
    at processTimers (internal/timers.js:475:7)]]>
   </failure>
   <failure type="exception" message="TimeoutError: timeout: Timed out receiving message from renderer: 10.000
  (Session info: chrome=87.0.4280.88)
  (Driver info: chromedriver=87.0.4280.20 (c99e81631faa0b2a448e658c0dbd8311fb04ddbd-refs/branch-heads/4280@{#355}),platform=Windows NT 10.0.18363 x86_64)"><![CDATA[TimeoutError: timeout: Timed out receiving message from renderer: 10.000
  (Session info: chrome=87.0.4280.88)
  (Driver info: chromedriver=87.0.4280.20 (c99e81631faa0b2a448e658c0dbd8311fb04ddbd-refs/branch-heads/4280@{#355}),platform=Windows NT 10.0.18363 x86_64)
    at Object.checkLegacyResponse (C:\Users\chaitanyakrishna-adm\AppData\Roaming\npm\node_modules\protractor\node_modules\selenium-webdriver\lib\error.js:546:15)
    at parseHttpResponse (C:\Users\chaitanyakrishna-adm\AppData\Roaming\npm\node_modules\protractor\node_modules\selenium-webdriver\lib\http.js:509:13)
    at C:\Users\chaitanyakrishna-adm\AppData\Roaming\npm\node_modules\protractor\node_modules\selenium-webdriver\lib\http.js:441:30
    at processTicksAndRejections (internal/process/task_queues.js:94:5)
From: Task: WebDriver.takeScreenshot()
    at Driver.schedule (C:\Users\chaitanyakrishna-adm\AppData\Roaming\npm\node_modules\protractor\node_modules\selenium-webdriver\lib\webdriver.js:807:17)
    at Driver.takeScreenshot (C:\Users\chaitanyakrishna-adm\AppData\Roaming\npm\node_modules\protractor\node_modules\selenium-webdriver\lib\webdriver.js:1085:17)
    at run (C:\Users\chaitanyakrishna-adm\AppData\Roaming\npm\node_modules\protractor\built\browser.js:58:33)
    at ProtractorBrowser.to.<computed> [as takeScreenshot] (C:\Users\chaitanyakrishna-adm\AppData\Roaming\npm\node_modules\protractor\built\browser.js:66:16)
    at C:\test123\personal-automation\framework\e2e\protractor.conf.js:93:19
    at ManagedPromise.invokeCallback_ (C:\Users\chaitanyakrishna-adm\AppData\Roaming\npm\node_modules\protractor\node_modules\selenium-webdriver\lib\promise.js:1376:14)
    at TaskQueue.execute_ (C:\Users\chaitanyakrishna-adm\AppData\Roaming\npm\node_modules\protractor\node_modules\selenium-webdriver\lib\promise.js:3084:14)
    at TaskQueue.executeNext_ (C:\Users\chaitanyakrishna-adm\AppData\Roaming\npm\node_modules\protractor\node_modules\selenium-webdriver\lib\promise.js:3067:27)
    at C:\Users\chaitanyakrishna-adm\AppData\Roaming\npm\node_modules\protractor\node_modules\selenium-webdriver\lib\promise.js:2927:27
    at C:\Users\chaitanyakrishna-adm\AppData\Roaming\npm\node_modules\protractor\node_modules\selenium-webdriver\lib\promise.js:668:7]]>
   </failure>
  </testcase>
 </testsuite>
</testsuites>